<?xml version="1.0" encoding="UTF-8"?>
<testng-results ignored="0" total="1" passed="1" failed="0" skipped="0">
  <reporter-output>
  </reporter-output>
  <suite started-at="2024-06-28T12:32:23 GMT" name="Default Suite" finished-at="2024-06-28T12:32:26 GMT" duration-ms="2478">
    <groups>
    </groups>
    <test started-at="2024-06-28T12:32:23 GMT" name="RestAssured-Java" finished-at="2024-06-28T12:32:26 GMT" duration-ms="2478">
      <class name="APITests">
        <test-method is-config="true" signature="setup()[pri:0, instance:APITests@6da21078]" started-at="2024-06-28T12:32:24 GMT" name="setup" finished-at="2024-06-28T12:32:24 GMT" duration-ms="323" status="PASS">
          <reporter-output>
          </reporter-output>
        </test-method> <!-- setup -->
        <test-method signature="testGetUsers()[pri:0, instance:APITests@6da21078]" started-at="2024-06-28T12:32:24 GMT" name="testGetUsers" finished-at="2024-06-28T12:32:26 GMT" duration-ms="2072" status="PASS">
          <reporter-output>
          </reporter-output>
        </test-method> <!-- testGetUsers -->
      </class> <!-- APITests -->
    </test> <!-- RestAssured-Java -->
  </suite> <!-- Default Suite -->
</testng-results>
